<?xml version="1.0" encoding="UTF-8"?>
<!-- Generated by org.testng.reporters.JUnitReportReporter -->
<testsuite hostname="VAIBHAV2619MEGHA" failures="0" tests="2" name="testCases.TC001_AccountRegistrationTest" time="4.419" errors="0" timestamp="2024-10-22T01:53:24 IST" skipped="0">
  <testcase classname="testCases.TC001_AccountRegistrationTest" name="verify_account_registration" time="2.170"/>
  <testcase classname="testCases.TC001_AccountRegistrationTest" name="verify_account_registration" time="2.249"/>
</testsuite> <!-- testCases.TC001_AccountRegistrationTest -->
