<?xml version="1.0" encoding="UTF-8"?>
<!-- Generated by org.testng.reporters.JUnitReportReporter -->
<testsuite hostname="VAIBHAV2619MEGHA" failures="0" tests="1" name="testBase.TC001_AccountRegistrationTest" time="2.923" errors="0" timestamp="2024-10-18T06:49:29 IST" skipped="0">
  <testcase classname="testBase.TC001_AccountRegistrationTest" name="verify_account_registration" time="2.923"/>
</testsuite> <!-- testBase.TC001_AccountRegistrationTest -->
